  [1m[35m (0.4ms)[0m  [1m[34mSELECT sqlite_version(*)[0m
  [1m[35m (2.6ms)[0m  [1m[35mCREATE TABLE "schema_migrations" ("version" varchar NOT NULL PRIMARY KEY)[0m
  [1m[35m (1.4ms)[0m  [1m[35mCREATE TABLE "ar_internal_metadata" ("key" varchar NOT NULL PRIMARY KEY, "value" varchar, "created_at" datetime NOT NULL, "updated_at" datetime NOT NULL)[0m
  [1m[35m (0.4ms)[0m  [1m[34mSELECT "schema_migrations"."version" FROM "schema_migrations" ORDER BY "schema_migrations"."version" ASC[0m
Migrating to CreateCities (20171127183148)
  [1m[35m (0.0ms)[0m  [1m[36mbegin transaction[0m
  [1m[35m (0.6ms)[0m  [1m[35mCREATE TABLE "cities" ("id" INTEGER PRIMARY KEY AUTOINCREMENT NOT NULL, "name" varchar, "year_founded" integer, "province_id" integer, "created_at" datetime NOT NULL, "updated_at" datetime NOT NULL)[0m
  [1m[35mSQL (0.1ms)[0m  [1m[32mINSERT INTO "schema_migrations" ("version") VALUES (?)[0m  [["version", "20171127183148"]]
  [1m[35m (0.9ms)[0m  [1m[36mcommit transaction[0m
Migrating to CreateResidences (20171127183434)
  [1m[35m (0.0ms)[0m  [1m[36mbegin transaction[0m
  [1m[35m (0.3ms)[0m  [1m[35mCREATE TABLE "residences" ("id" INTEGER PRIMARY KEY AUTOINCREMENT NOT NULL, "address" text, "year_built" integer, "city_id" integer, "created_at" datetime NOT NULL, "updated_at" datetime NOT NULL)[0m
  [1m[35mSQL (0.1ms)[0m  [1m[32mINSERT INTO "schema_migrations" ("version") VALUES (?)[0m  [["version", "20171127183434"]]
  [1m[35m (0.8ms)[0m  [1m[36mcommit transaction[0m
Migrating to CreatePeople (20171127183649)
  [1m[35m (0.0ms)[0m  [1m[36mbegin transaction[0m
  [1m[35m (0.3ms)[0m  [1m[35mCREATE TABLE "people" ("id" INTEGER PRIMARY KEY AUTOINCREMENT NOT NULL, "name" varchar, "age" integer, "residence_id" integer, "created_at" datetime NOT NULL, "updated_at" datetime NOT NULL)[0m
  [1m[35mSQL (0.1ms)[0m  [1m[32mINSERT INTO "schema_migrations" ("version") VALUES (?)[0m  [["version", "20171127183649"]]
  [1m[35m (0.6ms)[0m  [1m[36mcommit transaction[0m
Migrating to CreateProvinces (20171127183755)
  [1m[35m (0.0ms)[0m  [1m[36mbegin transaction[0m
  [1m[35m (0.3ms)[0m  [1m[35mCREATE TABLE "provinces" ("id" INTEGER PRIMARY KEY AUTOINCREMENT NOT NULL, "name" varchar, "year_founded" integer, "country_id" integer, "created_at" datetime NOT NULL, "updated_at" datetime NOT NULL)[0m
  [1m[35mSQL (0.1ms)[0m  [1m[32mINSERT INTO "schema_migrations" ("version") VALUES (?)[0m  [["version", "20171127183755"]]
  [1m[35m (0.8ms)[0m  [1m[36mcommit transaction[0m
Migrating to CreateCountries (20171127183844)
  [1m[35m (0.0ms)[0m  [1m[36mbegin transaction[0m
  [1m[35m (0.3ms)[0m  [1m[35mCREATE TABLE "countries" ("id" INTEGER PRIMARY KEY AUTOINCREMENT NOT NULL, "name" varchar, "year_founded" integer, "national_animal" varchar, "created_at" datetime NOT NULL, "updated_at" datetime NOT NULL)[0m
  [1m[35mSQL (0.1ms)[0m  [1m[32mINSERT INTO "schema_migrations" ("version") VALUES (?)[0m  [["version", "20171127183844"]]
  [1m[35m (0.7ms)[0m  [1m[36mcommit transaction[0m
  [1m[36mActiveRecord::InternalMetadata Load (0.1ms)[0m  [1m[34mSELECT  "ar_internal_metadata".* FROM "ar_internal_metadata" WHERE "ar_internal_metadata"."key" = ? LIMIT ?[0m  [["key", "environment"], ["LIMIT", 1]]
  [1m[35m (0.0ms)[0m  [1m[36mbegin transaction[0m
  [1m[35mSQL (0.3ms)[0m  [1m[32mINSERT INTO "ar_internal_metadata" ("key", "value", "created_at", "updated_at") VALUES (?, ?, ?, ?)[0m  [["key", "environment"], ["value", "development"], ["created_at", "2017-11-27 18:39:32.219488"], ["updated_at", "2017-11-27 18:39:32.219488"]]
  [1m[35m (0.7ms)[0m  [1m[36mcommit transaction[0m
  [1m[35m (0.1ms)[0m  [1m[34mSELECT "schema_migrations"."version" FROM "schema_migrations" ORDER BY "schema_migrations"."version" ASC[0m
  [1m[36mPerson Exists (0.2ms)[0m  [1m[34mSELECT  1 AS one FROM "people" LIMIT ?[0m  [["LIMIT", 1]]
  [1m[36mCity Exists (0.2ms)[0m  [1m[34mSELECT  1 AS one FROM "cities" LIMIT ?[0m  [["LIMIT", 1]]
  [1m[35m (0.0ms)[0m  [1m[36mbegin transaction[0m
  [1m[35m (0.1ms)[0m  [1m[31mrollback transaction[0m
  [1m[36mPerson Load (0.2ms)[0m  [1m[34mSELECT  "people".* FROM "people" LIMIT ?[0m  [["LIMIT", 11]]
  [1m[35m (0.1ms)[0m  [1m[36mbegin transaction[0m
  [1m[35m (0.1ms)[0m  [1m[31mrollback transaction[0m
  [1m[35m (0.1ms)[0m  [1m[36mbegin transaction[0m
  [1m[35m (0.1ms)[0m  [1m[31mrollback transaction[0m
  [1m[35m (0.1ms)[0m  [1m[36mbegin transaction[0m
  [1m[35m (0.1ms)[0m  [1m[31mrollback transaction[0m
  [1m[35m (0.0ms)[0m  [1m[36mbegin transaction[0m
  [1m[35mSQL (0.9ms)[0m  [1m[32mINSERT INTO "countries" ("name", "year_founded", "national_animal", "created_at", "updated_at") VALUES (?, ?, ?, ?, ?)[0m  [["name", "Canada"], ["year_founded", 1867], ["national_animal", "beaver"], ["created_at", "2017-11-27 20:17:06.241288"], ["updated_at", "2017-11-27 20:17:06.241288"]]
  [1m[35m (0.8ms)[0m  [1m[36mcommit transaction[0m
  [1m[35m (0.0ms)[0m  [1m[36mbegin transaction[0m
  [1m[36mCountry Load (0.2ms)[0m  [1m[34mSELECT  "countries".* FROM "countries" WHERE "countries"."id" = ? LIMIT ?[0m  [["id", 1], ["LIMIT", 1]]
  [1m[35mSQL (0.7ms)[0m  [1m[32mINSERT INTO "provinces" ("name", "year_founded", "country_id", "created_at", "updated_at") VALUES (?, ?, ?, ?, ?)[0m  [["name", "Ontario"], ["year_founded", 1867], ["country_id", 1], ["created_at", "2017-11-27 20:18:16.809662"], ["updated_at", "2017-11-27 20:18:16.809662"]]
  [1m[35m (1.0ms)[0m  [1m[36mcommit transaction[0m
  [1m[35m (0.0ms)[0m  [1m[36mbegin transaction[0m
  [1m[36mProvince Load (0.1ms)[0m  [1m[34mSELECT  "provinces".* FROM "provinces" WHERE "provinces"."id" = ? LIMIT ?[0m  [["id", 1], ["LIMIT", 1]]
  [1m[35mSQL (0.3ms)[0m  [1m[32mINSERT INTO "cities" ("name", "year_founded", "province_id", "created_at", "updated_at") VALUES (?, ?, ?, ?, ?)[0m  [["name", "Toronto"], ["year_founded", 2017], ["province_id", 1], ["created_at", "2017-11-27 20:19:11.642486"], ["updated_at", "2017-11-27 20:19:11.642486"]]
  [1m[35m (6.4ms)[0m  [1m[36mcommit transaction[0m
  [1m[35m (0.0ms)[0m  [1m[36mbegin transaction[0m
  [1m[36mCity Load (0.2ms)[0m  [1m[34mSELECT  "cities".* FROM "cities" WHERE "cities"."id" = ? LIMIT ?[0m  [["id", 1], ["LIMIT", 1]]
  [1m[35mSQL (6.0ms)[0m  [1m[32mINSERT INTO "residences" ("address", "city_id", "created_at", "updated_at") VALUES (?, ?, ?, ?)[0m  [["address", "123 Fake St"], ["city_id", 1], ["created_at", "2017-11-27 20:19:53.645141"], ["updated_at", "2017-11-27 20:19:53.645141"]]
  [1m[35m (1.0ms)[0m  [1m[36mcommit transaction[0m
  [1m[35m (0.0ms)[0m  [1m[36mbegin transaction[0m
  [1m[36mResidence Load (0.1ms)[0m  [1m[34mSELECT  "residences".* FROM "residences" WHERE "residences"."id" = ? LIMIT ?[0m  [["id", 1], ["LIMIT", 1]]
  [1m[35mSQL (0.3ms)[0m  [1m[32mINSERT INTO "people" ("name", "age", "residence_id", "created_at", "updated_at") VALUES (?, ?, ?, ?, ?)[0m  [["name", "Eric"], ["age", 27], ["residence_id", 1], ["created_at", "2017-11-27 20:21:02.744232"], ["updated_at", "2017-11-27 20:21:02.744232"]]
  [1m[35m (6.4ms)[0m  [1m[36mcommit transaction[0m
  [1m[36mPerson Load (0.3ms)[0m  [1m[34mSELECT  "people".* FROM "people" LIMIT ?[0m  [["LIMIT", 11]]
  [1m[36mPerson Load (0.2ms)[0m  [1m[34mSELECT  "people".* FROM "people" ORDER BY "people"."id" ASC LIMIT ?[0m  [["LIMIT", 1]]
  [1m[36mResidence Load (0.3ms)[0m  [1m[34mSELECT  "residences".* FROM "residences" WHERE "residences"."id" = ? LIMIT ?[0m  [["id", 1], ["LIMIT", 1]]
  [1m[36mCountry Load (0.2ms)[0m  [1m[34mSELECT  "countries".* FROM "countries" WHERE "countries"."id" = ? LIMIT ?[0m  [["id", 1], ["LIMIT", 11]]
  [1m[36mProvince Load (0.3ms)[0m  [1m[34mSELECT  "provinces".* FROM "provinces" ORDER BY "provinces"."id" ASC LIMIT ?[0m  [["LIMIT", 1]]
  [1m[36mCountry Load (0.2ms)[0m  [1m[34mSELECT  "countries".* FROM "countries" WHERE "countries"."id" = ? LIMIT ?[0m  [["id", 1], ["LIMIT", 1]]
